[INFO] Sanitizing .kernel-meta/cfg/kernel-meta/ktypes/base/base.cfg
[INFO] Sanitizing .kernel-meta/cfg/kernel-meta/ktypes/standard/standard.cfg
[INFO] Sanitizing .kernel-meta/cfg/kernel-meta/features/kgdb/kgdb.cfg
[INFO] Sanitizing .kernel-meta/cfg/kernel-meta/features/kgdb/kgdb-x86.cfg
[INFO] Sanitizing .kernel-meta/cfg/kernel-meta/features/firmware/firmware.cfg
[INFO] Sanitizing .kernel-meta/cfg/kernel-meta/features/lttng/lttng.cfg
[INFO] Sanitizing .kernel-meta/cfg/kernel-meta/features/blktrace/blktrace.cfg
[INFO] Sanitizing .kernel-meta/cfg/kernel-meta/features/systemtap/systemtap.cfg
[INFO] Sanitizing .kernel-meta/cfg/kernel-meta/features/kprobes/kprobes.cfg
[INFO] Sanitizing .kernel-meta/cfg/kernel-meta/features/uprobe/uprobe.cfg
[INFO] Sanitizing .kernel-meta/cfg/kernel-meta/features/utrace/utrace.cfg
[INFO] Sanitizing .kernel-meta/cfg/kernel-meta/features/hrt/hrt.cfg
[INFO] Sanitizing .kernel-meta/cfg/kernel-meta/features/ftrace/ftrace.cfg
[INFO] Sanitizing .kernel-meta/cfg/kernel-meta/features/uprobe/uprobe.cfg
[INFO] Sanitizing .kernel-meta/cfg/kernel-meta/features/kprobes/kprobes.cfg
[INFO] Sanitizing .kernel-meta/cfg/kernel-meta/features/aufs/aufs.cfg
[INFO] Sanitizing .kernel-meta/cfg/kernel-meta/features/cgroups/cgroups.cfg
[INFO] Sanitizing .kernel-meta/cfg/kernel-meta/features/namespaces/namespaces.cfg
[INFO] Sanitizing .kernel-meta/cfg/kernel-meta/features/net_sched/net_sched.cfg
[INFO] Sanitizing .kernel-meta/cfg/kernel-meta/features/vdso/vdso.cfg
[INFO] Sanitizing .kernel-meta/cfg/kernel-meta/features/fuse/fuse.cfg
[INFO] Sanitizing .kernel-meta/cfg/kernel-meta/features/input/input.cfg
[INFO] Sanitizing .kernel-meta/cfg/kernel-meta/cfg/fs/devtmpfs.cfg
[INFO] Sanitizing .kernel-meta/cfg/kernel-meta/cfg/fs/debugfs.cfg
[INFO] Sanitizing .kernel-meta/cfg/kernel-meta/cfg/fs/btrfs.cfg
[INFO] Sanitizing .kernel-meta/cfg/kernel-meta/cfg/fs/ext4.cfg
[INFO] Sanitizing .kernel-meta/cfg/kernel-meta/cfg/net/ipsec.cfg
[INFO] Sanitizing .kernel-meta/cfg/kernel-meta/cfg/net/ipv6.cfg
[INFO] Sanitizing .kernel-meta/cfg/kernel-meta/cfg/net/ipsec.cfg
[INFO] Sanitizing .kernel-meta/cfg/kernel-meta/cfg/net/ipsec6.cfg
[INFO] Sanitizing .kernel-meta/cfg/kernel-meta/cfg/net/ip_nf.cfg
[INFO] Sanitizing .kernel-meta/cfg/kernel-meta/cfg/net/ip6_nf.cfg
[INFO] Sanitizing .kernel-meta/cfg/kernel-meta/cfg/net/bridge.cfg
[INFO] Sanitizing .kernel-meta/cfg/kernel-meta/cfg/systemd.cfg
[INFO] Sanitizing .kernel-meta/cfg/kernel-meta/features/rfkill/rfkill.cfg
[INFO] Sanitizing .kernel-meta/cfg/kernel-meta/cfg/efi.cfg
[INFO] Sanitizing .kernel-meta/cfg/kernel-meta/cfg/8250.cfg
[INFO] Sanitizing .kernel-meta/cfg/kernel-meta/cfg/intel.cfg
[INFO] Sanitizing .kernel-meta/cfg/kernel-meta/bsp/common-pc/common-pc-drivers.cfg
[INFO] Sanitizing .kernel-meta/cfg/kernel-meta/bsp/common-pc/common-pc-eth.cfg
[INFO] Sanitizing .kernel-meta/cfg/kernel-meta/bsp/common-pc/common-pc-gfx.cfg
[INFO] Sanitizing .kernel-meta/cfg/kernel-meta/bsp/common-pc/common-pc-wifi.cfg
[INFO] Sanitizing .kernel-meta/cfg/kernel-meta/features/pci/pci.cfg
[INFO] Sanitizing .kernel-meta/cfg/kernel-meta/features/usb/usb-base.cfg
[INFO] Sanitizing .kernel-meta/cfg/kernel-meta/features/usb/ehci-hcd.cfg
[INFO] Sanitizing .kernel-meta/cfg/kernel-meta/features/usb/usb-base.cfg
[INFO] Sanitizing .kernel-meta/cfg/kernel-meta/features/usb/uhci-hcd.cfg
[INFO] Sanitizing .kernel-meta/cfg/kernel-meta/features/usb/usb-base.cfg
[INFO] Sanitizing .kernel-meta/cfg/kernel-meta/features/usb/ohci-hcd.cfg
[INFO] Sanitizing .kernel-meta/cfg/kernel-meta/features/usb/usb-base.cfg
[INFO] Sanitizing .kernel-meta/cfg/kernel-meta/features/usb/xhci-hcd.cfg
[INFO] Sanitizing .kernel-meta/cfg/kernel-meta/features/usb/usb-base.cfg
[INFO] Sanitizing .kernel-meta/cfg/kernel-meta/features/usb/usb-gadgets.cfg
[INFO] Sanitizing .kernel-meta/cfg/kernel-meta/features/usb/usb-base.cfg
[INFO] Sanitizing .kernel-meta/cfg/kernel-meta/features/input/touchscreen.cfg
[INFO] Sanitizing .kernel-meta/cfg/kernel-meta/features/usb/touchscreen-composite.cfg
[INFO] Sanitizing .kernel-meta/cfg/kernel-meta/cfg/timer/hpet.cfg
[INFO] Sanitizing .kernel-meta/cfg/kernel-meta/cfg/vesafb.cfg
[INFO] Sanitizing .kernel-meta/cfg/kernel-meta/features/i915/i915.cfg
[INFO] Sanitizing .kernel-meta/cfg/kernel-meta/features/intel-e1xxxx/intel-e100.cfg
[INFO] Sanitizing .kernel-meta/cfg/kernel-meta/features/intel-e1xxxx/intel-e1xxxx.cfg
[INFO] Sanitizing .kernel-meta/cfg/kernel-meta/features/ericsson-3g/f5521gw.cfg
[INFO] Sanitizing .kernel-meta/cfg/kernel-meta/features/usb-net/usb-net.cfg
[INFO] Sanitizing .kernel-meta/cfg/kernel-meta/features/igb/igb.cfg
[INFO] Sanitizing .kernel-meta/cfg/kernel-meta/features/dca/dca.cfg
[INFO] Sanitizing .kernel-meta/cfg/kernel-meta/cfg/dmaengine.cfg
[INFO] Sanitizing .kernel-meta/cfg/kernel-meta/features/ixgbe/ixgbe.cfg
[INFO] Sanitizing .kernel-meta/cfg/kernel-meta/features/dca/dca.cfg
[INFO] Sanitizing .kernel-meta/cfg/kernel-meta/cfg/dmaengine.cfg
[INFO] Sanitizing .kernel-meta/cfg/kernel-meta/features/iwlwifi/iwlwifi.cfg
[INFO] Sanitizing .kernel-meta/cfg/kernel-meta/features/mac80211/mac80211.cfg
[INFO] Sanitizing .kernel-meta/cfg/kernel-meta/features/iwlegacy/iwlegacy.cfg
[INFO] Sanitizing .kernel-meta/cfg/kernel-meta/features/mac80211/mac80211.cfg
[INFO] Sanitizing .kernel-meta/cfg/kernel-meta/features/i40e/i40e.cfg
[INFO] Sanitizing .kernel-meta/cfg/kernel-meta/features/nfc/nfc.cfg
[INFO] Sanitizing .kernel-meta/cfg/kernel-meta/features/nfc/nfc.cfg
[INFO] Sanitizing .kernel-meta/cfg/kernel-meta/features/nfc/nfc-generic.cfg
[INFO] Sanitizing .kernel-meta/cfg/kernel-meta/features/nfc/nfc.cfg
[INFO] Sanitizing .kernel-meta/cfg/kernel-meta/features/nfc/nfc-vendor.cfg
[INFO] Sanitizing .kernel-meta/cfg/kernel-meta/features/bluetooth/bluetooth.cfg
[INFO] Sanitizing .kernel-meta/cfg/kernel-meta/features/bluetooth/bluetooth.cfg
[INFO] Sanitizing .kernel-meta/cfg/kernel-meta/features/bluetooth/bluetooth-usb.cfg
[INFO] Sanitizing .kernel-meta/cfg/kernel-meta/features/ieee802154/ieee802154.cfg
[INFO] Sanitizing .kernel-meta/cfg/kernel-meta/features/pci/pci.cfg
[INFO] Sanitizing .kernel-meta/cfg/kernel-meta/features/media/media.cfg
[INFO] Sanitizing .kernel-meta/cfg/kernel-meta/features/media/media-pci-capture.cfg
[INFO] Sanitizing .kernel-meta/cfg/kernel-meta/features/media/media.cfg
[INFO] Sanitizing .kernel-meta/cfg/kernel-meta/features/media/media-usb-webcams.cfg
[INFO] Sanitizing .kernel-meta/cfg/kernel-meta/features/i2c/i2c.cfg
[INFO] Sanitizing .kernel-meta/cfg/kernel-meta/features/i2c/i2c.cfg
[INFO] Sanitizing .kernel-meta/cfg/kernel-meta/features/media/media.cfg
[INFO] Sanitizing .kernel-meta/cfg/kernel-meta/features/media/media-tuners.cfg
[INFO] Sanitizing .kernel-meta/cfg/kernel-meta/features/media/media-usb-tv.cfg
[INFO] Sanitizing .kernel-meta/cfg/kernel-meta/features/media/media.cfg
[INFO] Sanitizing .kernel-meta/cfg/kernel-meta/features/media/media-platform.cfg
[INFO] Sanitizing .kernel-meta/cfg/kernel-meta/features/i2c/i2c.cfg
[INFO] Sanitizing .kernel-meta/cfg/kernel-meta/features/media/media.cfg
[INFO] Sanitizing .kernel-meta/cfg/kernel-meta/features/media/media-i2c.cfg
[INFO] Sanitizing .kernel-meta/cfg/kernel-meta/features/media/media.cfg
[INFO] Sanitizing .kernel-meta/cfg/kernel-meta/features/media/media-radio.cfg
[INFO] Sanitizing .kernel-meta/cfg/kernel-meta/features/i2c/i2c.cfg
[INFO] Sanitizing .kernel-meta/cfg/kernel-meta/features/media/media.cfg
[INFO] Sanitizing .kernel-meta/cfg/kernel-meta/features/media/media-tuners.cfg
[INFO] Sanitizing .kernel-meta/cfg/kernel-meta/features/media/media.cfg
[INFO] Sanitizing .kernel-meta/cfg/kernel-meta/features/media/media-dvb-frontends.cfg
[INFO] Sanitizing .kernel-meta/cfg/kernel-meta/features/media/media.cfg
[INFO] Sanitizing .kernel-meta/cfg/kernel-meta/features/media/media-rc.cfg
[INFO] Sanitizing .kernel-meta/cfg/kernel-meta/features/iio/iio.cfg
[INFO] Sanitizing .kernel-meta/cfg/kernel-meta/features/sound/snd_hda_intel.cfg
[INFO] Sanitizing .kernel-meta/cfg/kernel-meta/features/amt/mei/mei.cfg
[INFO] Sanitizing .kernel-meta/cfg/kernel-meta/features/power/intel.cfg
[INFO] Sanitizing .kernel-meta/cfg/kernel-meta/features/thermal/coretemp.cfg
[INFO] Sanitizing .kernel-meta/cfg/kernel-meta/features/hugetlb/hugetlb.cfg
[INFO] Sanitizing .kernel-meta/cfg/kernel-meta/features/i2c/i2c.cfg
[INFO] Sanitizing .kernel-meta/cfg/kernel-meta/features/i2c/i2cdev.cfg
[INFO] Sanitizing .kernel-meta/cfg/kernel-meta/features/leds/leds.cfg
[INFO] Sanitizing .kernel-meta/cfg/kernel-meta/features/spi/spi.cfg
[INFO] Sanitizing .kernel-meta/cfg/kernel-meta/features/spi/spidev.cfg
[INFO] Sanitizing .kernel-meta/cfg/kernel-meta/cfg/dmaengine.cfg
[INFO] Sanitizing .kernel-meta/cfg/kernel-meta/features/uio/uio.cfg
[INFO] Sanitizing .kernel-meta/cfg/kernel-meta/cfg/efi.cfg
[INFO] Sanitizing .kernel-meta/cfg/kernel-meta/cfg/efi-ext.cfg
[INFO] Sanitizing .kernel-meta/cfg/kernel-meta/features/scsi/scsi.cfg
[INFO] Sanitizing .kernel-meta/cfg/kernel-meta/features/scsi/disk.cfg
[INFO] Sanitizing .kernel-meta/cfg/kernel-meta/cfg/usb-mass-storage.cfg
[INFO] Sanitizing .kernel-meta/cfg/kernel-meta/cfg/boot-live.cfg
[INFO] Sanitizing .kernel-meta/cfg/kernel-meta/features/latencytop/latencytop.cfg
[INFO] Sanitizing .kernel-meta/cfg/kernel-meta/features/profiling/profiling.cfg
[INFO] Sanitizing .kernel-meta/cfg/kernel-meta/cfg/efi.cfg
[INFO] Sanitizing .kernel-meta/cfg/kernel-meta/cfg/timer/hpet.cfg
[INFO] Sanitizing .kernel-meta/cfg/kernel-meta/cfg/timer/no_hz.cfg
[INFO] Sanitizing .kernel-meta/cfg/kernel-meta/cfg/x86_base.cfg
[INFO] Sanitizing .kernel-meta/cfg/kernel-meta/cfg/smp.cfg
[INFO] Sanitizing .kernel-meta/cfg/kernel-meta/cfg/timer/hz_1000.cfg
[INFO] Sanitizing .kernel-meta/cfg/kernel-meta/cfg/x86_64.cfg
[INFO] Sanitizing .kernel-meta/cfg/kernel-meta/cfg/8250.cfg
[INFO] Sanitizing .kernel-meta/cfg/kernel-meta/features/i915/i915.cfg
[INFO] Sanitizing .kernel-meta/cfg/kernel-meta/features/power/intel.cfg
[INFO] Sanitizing .kernel-meta/cfg/kernel-meta/features/usb/usb-base.cfg
[INFO] Sanitizing .kernel-meta/cfg/kernel-meta/features/usb/xhci-hcd.cfg
[INFO] Sanitizing .kernel-meta/cfg/kernel-meta/features/usb/usb-base.cfg
[INFO] Sanitizing .kernel-meta/cfg/kernel-meta/features/usb/ehci-hcd.cfg
[INFO] Sanitizing .kernel-meta/cfg/kernel-meta/features/intel-pinctrl/intel-pinctrl.cfg
[INFO] Sanitizing .kernel-meta/cfg/kernel-meta/features/soc/baytrail/baytrail.cfg
[INFO] Sanitizing .kernel-meta/cfg/kernel-meta/features/soc/braswell/braswell.cfg
[INFO] Sanitizing .kernel-meta/cfg/kernel-meta/bsp/haswell-wc/haswell-wc.cfg
[INFO] Sanitizing .kernel-meta/cfg/kernel-meta/cfg/efi.cfg
[INFO] Sanitizing .kernel-meta/cfg/kernel-meta/cfg/timer/hpet.cfg
[INFO] Sanitizing .kernel-meta/cfg/kernel-meta/cfg/timer/no_hz.cfg
[INFO] Sanitizing .kernel-meta/cfg/kernel-meta/cfg/x86_base.cfg
[INFO] Sanitizing .kernel-meta/cfg/kernel-meta/cfg/smp.cfg
[INFO] Sanitizing .kernel-meta/cfg/kernel-meta/cfg/timer/hz_1000.cfg
[INFO] Sanitizing .kernel-meta/cfg/kernel-meta/cfg/x86_64.cfg
[INFO] Sanitizing .kernel-meta/cfg/kernel-meta/features/i915/i915.cfg
[INFO] Sanitizing .kernel-meta/cfg/kernel-meta/cfg/8250.cfg
[INFO] Sanitizing .kernel-meta/cfg/kernel-meta/features/power/intel.cfg
[INFO] Sanitizing .kernel-meta/cfg/kernel-meta/features/usb/usb-base.cfg
[INFO] Sanitizing .kernel-meta/cfg/kernel-meta/features/usb/xhci-hcd.cfg
[INFO] Sanitizing .kernel-meta/cfg/kernel-meta/features/usb/usb-base.cfg
[INFO] Sanitizing .kernel-meta/cfg/kernel-meta/features/usb/ehci-hcd.cfg
[INFO] Sanitizing .kernel-meta/cfg/kernel-meta/features/igb/igb.cfg
[INFO] Sanitizing .kernel-meta/cfg/kernel-meta/features/dca/dca.cfg
[INFO] Sanitizing .kernel-meta/cfg/kernel-meta/cfg/dmaengine.cfg
[INFO] Sanitizing .kernel-meta/cfg/kernel-meta/bsp/romley/romley.cfg
[INFO] Sanitizing .kernel-meta/cfg/kernel-meta/features/i915/i915.cfg
[INFO] Sanitizing .kernel-meta/cfg/kernel-meta/cfg/8250.cfg
[INFO] Sanitizing .kernel-meta/cfg/kernel-meta/cfg/efi.cfg
[INFO] Sanitizing .kernel-meta/cfg/kernel-meta/cfg/timer/hpet.cfg
[INFO] Sanitizing .kernel-meta/cfg/kernel-meta/cfg/timer/no_hz.cfg
[INFO] Sanitizing .kernel-meta/cfg/kernel-meta/cfg/x86_base.cfg
[INFO] Sanitizing .kernel-meta/cfg/kernel-meta/cfg/smp.cfg
[INFO] Sanitizing .kernel-meta/cfg/kernel-meta/cfg/timer/hz_1000.cfg
[INFO] Sanitizing .kernel-meta/cfg/kernel-meta/cfg/x86_64.cfg
[INFO] Sanitizing .kernel-meta/cfg/kernel-meta/features/uio/uio.cfg
[INFO] Sanitizing .kernel-meta/cfg/kernel-meta/features/hugetlb/hugetlb.cfg
[INFO] Sanitizing .kernel-meta/cfg/kernel-meta/features/ixgbe/ixgbe.cfg
[INFO] Sanitizing .kernel-meta/cfg/kernel-meta/features/dca/dca.cfg
[INFO] Sanitizing .kernel-meta/cfg/kernel-meta/cfg/dmaengine.cfg
[INFO] Sanitizing .kernel-meta/cfg/kernel-meta/features/igb/igb.cfg
[INFO] Sanitizing .kernel-meta/cfg/kernel-meta/features/dca/dca.cfg
[INFO] Sanitizing .kernel-meta/cfg/kernel-meta/cfg/dmaengine.cfg
[INFO] Sanitizing .kernel-meta/cfg/kernel-meta/features/power/intel.cfg
[INFO] Sanitizing .kernel-meta/cfg/kernel-meta/features/latencytop/latencytop.cfg
[INFO] Sanitizing .kernel-meta/cfg/kernel-meta/features/profiling/profiling.cfg
[INFO] Sanitizing .kernel-meta/cfg/kernel-meta/bsp/mohonpeak/mohonpeak.cfg
[INFO] Sanitizing .kernel-meta/cfg/kernel-meta/cfg/efi.cfg
[INFO] Sanitizing .kernel-meta/cfg/kernel-meta/cfg/timer/hpet.cfg
[INFO] Sanitizing .kernel-meta/cfg/kernel-meta/cfg/timer/no_hz.cfg
[INFO] Sanitizing .kernel-meta/cfg/kernel-meta/cfg/x86_base.cfg
[INFO] Sanitizing .kernel-meta/cfg/kernel-meta/cfg/smp.cfg
[INFO] Sanitizing .kernel-meta/cfg/kernel-meta/cfg/timer/hz_1000.cfg
[INFO] Sanitizing .kernel-meta/cfg/kernel-meta/cfg/x86_64.cfg
[INFO] Sanitizing .kernel-meta/cfg/kernel-meta/cfg/8250.cfg
[INFO] Sanitizing .kernel-meta/cfg/kernel-meta/features/power/intel.cfg
[INFO] Sanitizing .kernel-meta/cfg/kernel-meta/features/ixgbe/ixgbe.cfg
[INFO] Sanitizing .kernel-meta/cfg/kernel-meta/features/dca/dca.cfg
[INFO] Sanitizing .kernel-meta/cfg/kernel-meta/cfg/dmaengine.cfg
[INFO] Sanitizing .kernel-meta/cfg/kernel-meta/features/igb/igb.cfg
[INFO] Sanitizing .kernel-meta/cfg/kernel-meta/features/dca/dca.cfg
[INFO] Sanitizing .kernel-meta/cfg/kernel-meta/cfg/dmaengine.cfg
[INFO] Sanitizing .kernel-meta/cfg/kernel-meta/features/usb/usb-base.cfg
[INFO] Sanitizing .kernel-meta/cfg/kernel-meta/features/usb/ehci-hcd.cfg
[INFO] Sanitizing .kernel-meta/cfg/kernel-meta/features/usb/usb-base.cfg
[INFO] Sanitizing .kernel-meta/cfg/kernel-meta/features/usb/xhci-hcd.cfg
[INFO] Sanitizing .kernel-meta/cfg/kernel-meta/features/usb/usb-base.cfg
[INFO] Sanitizing .kernel-meta/cfg/kernel-meta/features/usb/uhci-hcd.cfg
[INFO] Sanitizing .kernel-meta/cfg/kernel-meta/features/usb/usb-base.cfg
[INFO] Sanitizing .kernel-meta/cfg/kernel-meta/features/usb/ohci-hcd.cfg
[INFO] Sanitizing .kernel-meta/cfg/kernel-meta/cfg/timer/hpet.cfg
[INFO] Sanitizing .kernel-meta/cfg/kernel-meta/features/uio/uio.cfg
[INFO] Sanitizing .kernel-meta/cfg/kernel-meta/features/hugetlb/hugetlb.cfg
[INFO] Sanitizing .kernel-meta/cfg/kernel-meta/features/intel-dpdk/intel-dpdk.cfg
[INFO] Sanitizing .kernel-meta/cfg/kernel-meta/features/pci-iov/pci-iov.cfg
[INFO] Sanitizing .kernel-meta/cfg/kernel-meta/features/pci/pci.cfg
[INFO] Sanitizing .kernel-meta/cfg/kernel-meta/features/ciphers/ciphers.cfg
[INFO] Sanitizing .kernel-meta/cfg/kernel-meta/features/crypto/crypto.cfg
[INFO] Sanitizing .kernel-meta/cfg/kernel-meta/cfg/efi.cfg
[INFO] Sanitizing .kernel-meta/cfg/kernel-meta/cfg/smp.cfg
[INFO] Sanitizing .kernel-meta/cfg/kernel-meta/features/inline/inline.cfg
[INFO] Sanitizing .kernel-meta/cfg/kernel-meta/bsp/intel-common/intel-corei7-64.cfg
[INFO] Sanitizing .kernel-meta/cfg/linux-yocto/egg_remove_configs.cfg
[INFO] Sanitizing .kernel-meta/cfg/linux-yocto/egg_touchscreen_configs.cfg
[INFO] Sanitizing .kernel-meta/cfg/linux-yocto/egg_usb_configs.cfg
[INFO] Sanitizing .kernel-meta/cfg/linux-yocto/egg_drm_configs.cfg
[INFO] Sanitizing .kernel-meta/cfg/linux-yocto/egg_pmic_configs.cfg
[INFO] Sanitizing .kernel-meta/cfg/linux-yocto/egg_pwm_light_configs.cfg
[INFO] Sanitizing .kernel-meta/cfg/linux-yocto/egg_wifi_configs.cfg
[INFO] Sanitizing .kernel-meta/cfg/linux-yocto/egg_cpu_scaling_configs.cfg
[INFO] Sanitizing .kernel-meta/cfg/kernel-meta/features/netfilter/netfilter.cfg
[INFO] Sanitizing .kernel-meta/cfg/kernel-meta/features/amt/mei/mei.cfg
